<?xml version="1.0" encoding="UTF-8"?>
<!-- Generated by org.testng.reporters.JUnitReportReporter -->
<testsuite hostname="ASDP1734PO02529" name="TestVersion2" tests="6" failures="0" timestamp="18 Jul 2017 08:48:19 GMT" time="5.787" errors="0">
  <testcase name="Get_List_Of_Boards" time="1.767" classname="TestVersion2"/>
  <testcase name="Move_Player" time="0.432" classname="TestVersion2"/>
  <testcase name="Check_Player_With_Id_And_Put_Delete" time="0.396" classname="TestVersion2"/>
  <testcase name="Join_new_player" time="0.921" classname="TestVersion2"/>
  <testcase name="Delete_Board" time="0.658" classname="TestVersion2"/>
  <testcase name="Create_A_New_Board" time="1.613" classname="TestVersion2"/>
</testsuite> <!-- TestVersion2 -->
