<?xml version="1.0" encoding="UTF-8"?>
<!-- Generated by org.testng.reporters.JUnitReportReporter -->
<testsuite hostname="ASDP1734PO02529" name="Test_Version1" tests="6" failures="0" timestamp="18 Jul 2017 08:48:04 GMT" time="5.591" errors="0">
  <testcase name="Join_new_player" time="0.875" classname="Test_Version1"/>
  <testcase name="Move_Player" time="0.366" classname="Test_Version1"/>
  <testcase name="Check_Player_With_Id_And_Put_Delete" time="0.385" classname="Test_Version1"/>
  <testcase name="Create_A_New_Board" time="1.505" classname="Test_Version1"/>
  <testcase name="Get_List_Of_Boards" time="1.960" classname="Test_Version1"/>
  <testcase name="Delete_Board" time="0.500" classname="Test_Version1"/>
</testsuite> <!-- Test_Version1 -->
